Data loaded successfully with 676004 records.
Data splitting into train and validation sets...
Training set size: 608403; Validation set size: 67601
Initializing tokenizer and model...
Tokenizer and model initialization complete.
Creating data loaders...
Data loaders created successfully.

--- Training epoch 1/3 ---
Starting training for epoch 1...
Epoch 1, Batch 0/76051, Loss: 3.8418, Time Elapsed: 4.38s
Epoch 1, Batch 100/76051, Loss: 0.9935, Time Elapsed: 101.85s
Epoch 1, Batch 200/76051, Loss: 0.8640, Time Elapsed: 98.41s
Epoch 1, Batch 300/76051, Loss: 0.8594, Time Elapsed: 100.46s
Epoch 1, Batch 400/76051, Loss: 0.8246, Time Elapsed: 127.25s
Epoch 1, Batch 500/76051, Loss: 0.5802, Time Elapsed: 130.23s
Epoch 1, Batch 600/76051, Loss: 1.0197, Time Elapsed: 129.94s
Epoch 1, Batch 700/76051, Loss: 0.9589, Time Elapsed: 128.41s
Epoch 1, Batch 800/76051, Loss: 1.0154, Time Elapsed: 130.25s
Epoch 1, Batch 900/76051, Loss: 0.6547, Time Elapsed: 128.73s
Epoch 1, Batch 1000/76051, Loss: 0.8163, Time Elapsed: 129.27s
Epoch 1, Batch 1100/76051, Loss: 0.6737, Time Elapsed: 127.99s
Epoch 1, Batch 1200/76051, Loss: 0.7150, Time Elapsed: 130.20s
Epoch 1, Batch 1300/76051, Loss: 0.5804, Time Elapsed: 112.33s
Epoch 1, Batch 1400/76051, Loss: 0.5988, Time Elapsed: 94.95s
Epoch 1, Batch 1500/76051, Loss: 0.7417, Time Elapsed: 94.56s
Epoch 1, Batch 1600/76051, Loss: 0.6760, Time Elapsed: 101.44s
Epoch 1, Batch 1700/76051, Loss: 1.0750, Time Elapsed: 101.93s
Epoch 1, Batch 1800/76051, Loss: 0.5354, Time Elapsed: 100.81s
Epoch 1, Batch 1900/76051, Loss: 0.6860, Time Elapsed: 101.38s
Epoch 1, Batch 2000/76051, Loss: 0.8755, Time Elapsed: 100.76s
Epoch 1, Batch 2100/76051, Loss: 0.9405, Time Elapsed: 98.62s
Epoch 1, Batch 2200/76051, Loss: 0.5195, Time Elapsed: 85.81s
Epoch 1, Batch 2300/76051, Loss: 0.6056, Time Elapsed: 98.69s
Epoch 1, Batch 2400/76051, Loss: 0.4187, Time Elapsed: 95.18s
Epoch 1, Batch 2500/76051, Loss: 0.7512, Time Elapsed: 102.69s
Epoch 1, Batch 2600/76051, Loss: 0.6951, Time Elapsed: 103.18s
Epoch 1, Batch 2700/76051, Loss: 0.4360, Time Elapsed: 103.43s
Epoch 1, Batch 2800/76051, Loss: 0.4608, Time Elapsed: 103.11s
Epoch 1, Batch 2900/76051, Loss: 0.5407, Time Elapsed: 102.73s
Epoch 1, Batch 3000/76051, Loss: 0.6929, Time Elapsed: 100.29s
Epoch 1, Batch 3100/76051, Loss: 0.5325, Time Elapsed: 100.56s
Epoch 1, Batch 3200/76051, Loss: 0.8449, Time Elapsed: 100.40s
Epoch 1, Batch 3300/76051, Loss: 0.7622, Time Elapsed: 100.40s
Epoch 1, Batch 3400/76051, Loss: 1.0403, Time Elapsed: 100.29s
Epoch 1, Batch 3500/76051, Loss: 0.4792, Time Elapsed: 100.25s
Epoch 1, Batch 3600/76051, Loss: 0.7134, Time Elapsed: 100.23s
Epoch 1, Batch 3700/76051, Loss: 0.5744, Time Elapsed: 99.94s
Epoch 1, Batch 3800/76051, Loss: 0.5738, Time Elapsed: 100.00s
Epoch 1, Batch 3900/76051, Loss: 0.5828, Time Elapsed: 99.94s
Epoch 1, Batch 4000/76051, Loss: 0.4560, Time Elapsed: 100.08s
Epoch 1, Batch 4100/76051, Loss: 0.4752, Time Elapsed: 100.73s
Epoch 1, Batch 4200/76051, Loss: 0.6526, Time Elapsed: 100.33s
Epoch 1, Batch 4300/76051, Loss: 0.6422, Time Elapsed: 100.16s
Epoch 1, Batch 4400/76051, Loss: 0.6218, Time Elapsed: 99.95s
Epoch 1, Batch 4500/76051, Loss: 0.5833, Time Elapsed: 100.27s
Epoch 1, Batch 4600/76051, Loss: 0.4109, Time Elapsed: 103.85s
Epoch 1, Batch 4700/76051, Loss: 0.4764, Time Elapsed: 104.34s
Epoch 1, Batch 4800/76051, Loss: 0.5992, Time Elapsed: 104.11s
Epoch 1, Batch 4900/76051, Loss: 0.4045, Time Elapsed: 103.79s
Epoch 1, Batch 5000/76051, Loss: 0.6465, Time Elapsed: 104.38s
Epoch 1, Batch 5100/76051, Loss: 0.5888, Time Elapsed: 98.49s
Epoch 1, Batch 5200/76051, Loss: 0.5401, Time Elapsed: 99.73s
Epoch 1, Batch 5300/76051, Loss: 0.4112, Time Elapsed: 99.67s
Epoch 1, Batch 5400/76051, Loss: 0.4318, Time Elapsed: 100.16s
Epoch 1, Batch 5500/76051, Loss: 0.5875, Time Elapsed: 100.70s
Epoch 1, Batch 5600/76051, Loss: 0.6825, Time Elapsed: 102.23s
Epoch 1, Batch 5700/76051, Loss: 0.5077, Time Elapsed: 102.73s
Epoch 1, Batch 5800/76051, Loss: 0.4540, Time Elapsed: 102.37s
Epoch 1, Batch 5900/76051, Loss: 0.6766, Time Elapsed: 102.39s
Epoch 1, Batch 6000/76051, Loss: 0.6092, Time Elapsed: 103.13s
Epoch 1, Batch 6100/76051, Loss: 0.4951, Time Elapsed: 103.45s
Epoch 1, Batch 6200/76051, Loss: 0.7193, Time Elapsed: 103.82s
Epoch 1, Batch 6300/76051, Loss: 0.6070, Time Elapsed: 103.87s
Epoch 1, Batch 6400/76051, Loss: 0.6626, Time Elapsed: 104.37s
Epoch 1, Batch 6500/76051, Loss: 0.9495, Time Elapsed: 96.95s
Epoch 1, Batch 6600/76051, Loss: 0.6223, Time Elapsed: 97.22s
Epoch 1, Batch 6700/76051, Loss: 0.6519, Time Elapsed: 97.51s
Epoch 1, Batch 6800/76051, Loss: 0.6325, Time Elapsed: 96.93s
Epoch 1, Batch 6900/76051, Loss: 0.4018, Time Elapsed: 96.86s
Epoch 1, Batch 7000/76051, Loss: 0.4133, Time Elapsed: 98.87s
Epoch 1, Batch 7100/76051, Loss: 0.6592, Time Elapsed: 100.54s
Epoch 1, Batch 7200/76051, Loss: 0.8058, Time Elapsed: 100.96s
Epoch 1, Batch 7300/76051, Loss: 0.4854, Time Elapsed: 100.49s
Epoch 1, Batch 7400/76051, Loss: 0.5202, Time Elapsed: 100.83s
Epoch 1, Batch 7500/76051, Loss: 0.4259, Time Elapsed: 101.35s
Epoch 1, Batch 7600/76051, Loss: 0.5535, Time Elapsed: 100.70s
Epoch 1, Batch 7700/76051, Loss: 0.4737, Time Elapsed: 100.90s
Epoch 1, Batch 7800/76051, Loss: 0.4466, Time Elapsed: 100.75s
Epoch 1, Batch 7900/76051, Loss: 0.3936, Time Elapsed: 100.12s
Epoch 1, Batch 8000/76051, Loss: 0.5580, Time Elapsed: 99.70s
Epoch 1, Batch 8100/76051, Loss: 0.3687, Time Elapsed: 99.31s
Epoch 1, Batch 8200/76051, Loss: 0.4522, Time Elapsed: 99.84s
Epoch 1, Batch 8300/76051, Loss: 0.7123, Time Elapsed: 91.14s
Epoch 1, Batch 8400/76051, Loss: 0.4794, Time Elapsed: 92.10s
Epoch 1, Batch 8500/76051, Loss: 0.6002, Time Elapsed: 82.48s
Epoch 1, Batch 8600/76051, Loss: 0.4504, Time Elapsed: 87.05s
Epoch 1, Batch 8700/76051, Loss: 0.4858, Time Elapsed: 98.25s
Epoch 1, Batch 8800/76051, Loss: 0.2266, Time Elapsed: 97.18s
Epoch 1, Batch 8900/76051, Loss: 0.5165, Time Elapsed: 96.79s
Epoch 1, Batch 9000/76051, Loss: 0.7362, Time Elapsed: 92.48s
Epoch 1, Batch 9100/76051, Loss: 0.3954, Time Elapsed: 96.36s
Epoch 1, Batch 9200/76051, Loss: 0.6445, Time Elapsed: 96.90s
Epoch 1, Batch 9300/76051, Loss: 0.5190, Time Elapsed: 96.56s
Epoch 1, Batch 9400/76051, Loss: 0.5590, Time Elapsed: 99.43s
Epoch 1, Batch 9500/76051, Loss: 0.5236, Time Elapsed: 98.86s
Epoch 1, Batch 9600/76051, Loss: 0.3947, Time Elapsed: 97.66s
Epoch 1, Batch 9700/76051, Loss: 0.4745, Time Elapsed: 98.17s
Epoch 1, Batch 9800/76051, Loss: 0.4458, Time Elapsed: 97.65s
Epoch 1, Batch 9900/76051, Loss: 0.5822, Time Elapsed: 98.24s
Epoch 1, Batch 10000/76051, Loss: 0.6803, Time Elapsed: 98.69s
Epoch 1, Batch 10100/76051, Loss: 0.5192, Time Elapsed: 98.12s
Epoch 1, Batch 10200/76051, Loss: 0.6420, Time Elapsed: 99.14s
Epoch 1, Batch 10300/76051, Loss: 0.4066, Time Elapsed: 96.46s
Epoch 1, Batch 10400/76051, Loss: 0.5144, Time Elapsed: 101.09s
Epoch 1, Batch 10500/76051, Loss: 0.5046, Time Elapsed: 102.49s
Epoch 1, Batch 10600/76051, Loss: 0.3673, Time Elapsed: 102.69s
Epoch 1, Batch 10700/76051, Loss: 0.4564, Time Elapsed: 102.18s
Epoch 1, Batch 10800/76051, Loss: 0.5564, Time Elapsed: 102.01s
Epoch 1, Batch 10900/76051, Loss: 0.4303, Time Elapsed: 102.13s
Epoch 1, Batch 11000/76051, Loss: 0.5356, Time Elapsed: 102.25s
Epoch 1, Batch 11100/76051, Loss: 0.3023, Time Elapsed: 102.17s
Epoch 1, Batch 11200/76051, Loss: 0.5522, Time Elapsed: 102.37s
Epoch 1, Batch 11300/76051, Loss: 0.5100, Time Elapsed: 102.22s
Epoch 1, Batch 11400/76051, Loss: 0.5416, Time Elapsed: 102.25s
Epoch 1, Batch 11500/76051, Loss: 0.4982, Time Elapsed: 102.17s
Epoch 1, Batch 11600/76051, Loss: 0.5661, Time Elapsed: 102.48s
Epoch 1, Batch 11700/76051, Loss: 0.6893, Time Elapsed: 100.29s
Epoch 1, Batch 11800/76051, Loss: 0.6250, Time Elapsed: 98.76s
Epoch 1, Batch 11900/76051, Loss: 0.3533, Time Elapsed: 98.46s
Epoch 1, Batch 12000/76051, Loss: 0.5816, Time Elapsed: 91.98s
Epoch 1, Batch 12100/76051, Loss: 0.4173, Time Elapsed: 96.46s
Epoch 1, Batch 12200/76051, Loss: 0.3358, Time Elapsed: 94.40s
Epoch 1, Batch 12300/76051, Loss: 0.4396, Time Elapsed: 90.65s
Epoch 1, Batch 12400/76051, Loss: 0.5371, Time Elapsed: 98.75s
Epoch 1, Batch 12500/76051, Loss: 0.5762, Time Elapsed: 97.55s
Epoch 1, Batch 12600/76051, Loss: 0.4213, Time Elapsed: 97.42s
Epoch 1, Batch 12700/76051, Loss: 0.4974, Time Elapsed: 97.67s
Epoch 1, Batch 12800/76051, Loss: 0.4464, Time Elapsed: 97.31s
Epoch 1, Batch 12900/76051, Loss: 0.5685, Time Elapsed: 97.24s
Epoch 1, Batch 13000/76051, Loss: 0.6997, Time Elapsed: 97.52s
Epoch 1, Batch 13100/76051, Loss: 0.4300, Time Elapsed: 97.17s
Epoch 1, Batch 13200/76051, Loss: 0.4911, Time Elapsed: 98.17s
Epoch 1, Batch 13300/76051, Loss: 0.4994, Time Elapsed: 96.00s
Epoch 1, Batch 13400/76051, Loss: 0.4383, Time Elapsed: 92.70s
Epoch 1, Batch 13500/76051, Loss: 0.4986, Time Elapsed: 96.67s
Epoch 1, Batch 13600/76051, Loss: 0.7499, Time Elapsed: 100.51s
Epoch 1, Batch 13700/76051, Loss: 0.6487, Time Elapsed: 102.99s
Epoch 1, Batch 13800/76051, Loss: 0.4402, Time Elapsed: 102.52s
Epoch 1, Batch 13900/76051, Loss: 0.2298, Time Elapsed: 102.37s
Epoch 1, Batch 14000/76051, Loss: 0.6697, Time Elapsed: 102.05s
Epoch 1, Batch 14100/76051, Loss: 0.4016, Time Elapsed: 102.30s
Epoch 1, Batch 14200/76051, Loss: 0.4850, Time Elapsed: 102.38s
Epoch 1, Batch 14300/76051, Loss: 0.5201, Time Elapsed: 102.14s
Epoch 1, Batch 14400/76051, Loss: 0.7387, Time Elapsed: 102.38s
Epoch 1, Batch 14500/76051, Loss: 0.8663, Time Elapsed: 101.36s
Epoch 1, Batch 14600/76051, Loss: 0.4454, Time Elapsed: 98.36s
Epoch 1, Batch 14700/76051, Loss: 0.5369, Time Elapsed: 98.34s
Epoch 1, Batch 14800/76051, Loss: 0.4184, Time Elapsed: 98.50s
Epoch 1, Batch 14900/76051, Loss: 0.4784, Time Elapsed: 98.56s
Epoch 1, Batch 15000/76051, Loss: 0.5259, Time Elapsed: 98.08s
Epoch 1, Batch 15100/76051, Loss: 0.3071, Time Elapsed: 98.74s
Epoch 1, Batch 15200/76051, Loss: 0.6824, Time Elapsed: 99.41s
Epoch 1, Batch 15300/76051, Loss: 0.2777, Time Elapsed: 98.69s
Epoch 1, Batch 15400/76051, Loss: 0.7278, Time Elapsed: 98.53s
Epoch 1, Batch 15500/76051, Loss: 0.3948, Time Elapsed: 98.58s
Epoch 1, Batch 15600/76051, Loss: 0.6397, Time Elapsed: 98.52s
Epoch 1, Batch 15700/76051, Loss: 0.5390, Time Elapsed: 100.07s
Epoch 1, Batch 15800/76051, Loss: 0.3777, Time Elapsed: 100.50s
Epoch 1, Batch 15900/76051, Loss: 0.5448, Time Elapsed: 102.05s
Epoch 1, Batch 16000/76051, Loss: 0.5244, Time Elapsed: 103.41s
Epoch 1, Batch 16100/76051, Loss: 0.4881, Time Elapsed: 103.31s
Epoch 1, Batch 16200/76051, Loss: 0.5221, Time Elapsed: 103.58s
Epoch 1, Batch 16300/76051, Loss: 0.5068, Time Elapsed: 104.12s
Epoch 1, Batch 16400/76051, Loss: 0.3262, Time Elapsed: 103.13s
Epoch 1, Batch 16500/76051, Loss: 0.5429, Time Elapsed: 103.50s
Epoch 1, Batch 16600/76051, Loss: 0.4380, Time Elapsed: 103.31s
Epoch 1, Batch 16700/76051, Loss: 0.3456, Time Elapsed: 103.64s
Epoch 1, Batch 16800/76051, Loss: 0.4195, Time Elapsed: 103.94s
Epoch 1, Batch 16900/76051, Loss: 0.3900, Time Elapsed: 102.37s
Epoch 1, Batch 17000/76051, Loss: 0.5166, Time Elapsed: 103.06s
Epoch 1, Batch 17100/76051, Loss: 0.5147, Time Elapsed: 101.21s
Epoch 1, Batch 17200/76051, Loss: 0.3668, Time Elapsed: 101.15s
Epoch 1, Batch 17300/76051, Loss: 0.7389, Time Elapsed: 101.21s
Epoch 1, Batch 17400/76051, Loss: 0.6785, Time Elapsed: 101.03s
Epoch 1, Batch 17500/76051, Loss: 0.5011, Time Elapsed: 101.14s
Epoch 1, Batch 17600/76051, Loss: 0.4150, Time Elapsed: 100.77s
Epoch 1, Batch 17700/76051, Loss: 0.6135, Time Elapsed: 100.45s
Epoch 1, Batch 17800/76051, Loss: 0.3730, Time Elapsed: 100.46s
Epoch 1, Batch 17900/76051, Loss: 0.4848, Time Elapsed: 100.17s
Epoch 1, Batch 18000/76051, Loss: 0.3400, Time Elapsed: 96.89s
Epoch 1, Batch 18100/76051, Loss: 0.8086, Time Elapsed: 96.15s
Epoch 1, Batch 18200/76051, Loss: 0.6360, Time Elapsed: 96.64s
Epoch 1, Batch 18300/76051, Loss: 0.5263, Time Elapsed: 96.34s
Epoch 1, Batch 18400/76051, Loss: 0.4041, Time Elapsed: 96.46s
Epoch 1, Batch 18500/76051, Loss: 0.5554, Time Elapsed: 96.62s
Epoch 1, Batch 18600/76051, Loss: 0.6592, Time Elapsed: 96.40s
Epoch 1, Batch 18700/76051, Loss: 0.3856, Time Elapsed: 96.62s
Epoch 1, Batch 18800/76051, Loss: 0.5458, Time Elapsed: 96.19s
Epoch 1, Batch 18900/76051, Loss: 0.4531, Time Elapsed: 96.36s
Epoch 1, Batch 19000/76051, Loss: 0.5032, Time Elapsed: 96.29s
Epoch 1, Batch 19100/76051, Loss: 0.3235, Time Elapsed: 96.45s
Epoch 1, Batch 19200/76051, Loss: 0.4378, Time Elapsed: 96.51s
Epoch 1, Batch 19300/76051, Loss: 0.5832, Time Elapsed: 98.07s
Epoch 1, Batch 19400/76051, Loss: 0.4696, Time Elapsed: 100.02s
Epoch 1, Batch 19500/76051, Loss: 0.4158, Time Elapsed: 99.93s
Epoch 1, Batch 19600/76051, Loss: 0.5176, Time Elapsed: 100.01s
Epoch 1, Batch 19700/76051, Loss: 0.4188, Time Elapsed: 98.78s
Epoch 1, Batch 19800/76051, Loss: 0.4133, Time Elapsed: 99.38s
Epoch 1, Batch 19900/76051, Loss: 0.4938, Time Elapsed: 99.15s
Epoch 1, Batch 20000/76051, Loss: 0.4385, Time Elapsed: 99.15s
Epoch 1, Batch 20100/76051, Loss: 0.5592, Time Elapsed: 99.21s
Epoch 1, Batch 20200/76051, Loss: 0.4296, Time Elapsed: 98.91s
Epoch 1, Batch 20300/76051, Loss: 0.7151, Time Elapsed: 99.73s
Epoch 1, Batch 20400/76051, Loss: 0.4877, Time Elapsed: 98.64s
Epoch 1, Batch 20500/76051, Loss: 0.6869, Time Elapsed: 98.75s
Epoch 1, Batch 20600/76051, Loss: 0.5645, Time Elapsed: 98.80s
