Starting fine-tuning...
Epoch 1, Batch 10/514, Batch Loss: 1.9349
Epoch 1, Batch 20/514, Batch Loss: 1.5275
Epoch 1, Batch 30/514, Batch Loss: 1.2263
Epoch 1, Batch 40/514, Batch Loss: 1.0561
Epoch 1, Batch 50/514, Batch Loss: 0.8895
Checkpoint saved at 'fine_tuned_translation_model/checkpoint_epoch1_batch50'
Epoch 1, Batch 60/514, Batch Loss: 0.7189
Epoch 1, Batch 70/514, Batch Loss: 0.6493
Epoch 1, Batch 80/514, Batch Loss: 0.5962
Epoch 1, Batch 90/514, Batch Loss: 0.4971
Epoch 1, Batch 100/514, Batch Loss: 0.5074
Checkpoint saved at 'fine_tuned_translation_model/checkpoint_epoch1_batch100'
Epoch 1, Batch 110/514, Batch Loss: 0.4431
Epoch 1, Batch 120/514, Batch Loss: 0.4107
Epoch 1, Batch 130/514, Batch Loss: 0.3829
Epoch 1, Batch 140/514, Batch Loss: 0.3612
Epoch 1, Batch 150/514, Batch Loss: 0.3369
Checkpoint saved at 'fine_tuned_translation_model/checkpoint_epoch1_batch150'
Epoch 1, Batch 160/514, Batch Loss: 0.3101
Epoch 1, Batch 170/514, Batch Loss: 0.3096
Epoch 1, Batch 180/514, Batch Loss: 0.2924
Epoch 1, Batch 190/514, Batch Loss: 0.2848
Epoch 1, Batch 200/514, Batch Loss: 0.2790
Checkpoint saved at 'fine_tuned_translation_model/checkpoint_epoch1_batch200'
Epoch 1, Batch 210/514, Batch Loss: 0.2714
Epoch 1, Batch 220/514, Batch Loss: 0.2439
Epoch 1, Batch 230/514, Batch Loss: 0.2334
Epoch 1, Batch 240/514, Batch Loss: 0.2319
Epoch 1, Batch 250/514, Batch Loss: 0.2289
Checkpoint saved at 'fine_tuned_translation_model/checkpoint_epoch1_batch250'
Epoch 1, Batch 260/514, Batch Loss: 0.2219
Epoch 1, Batch 270/514, Batch Loss: 0.2143
Epoch 1, Batch 280/514, Batch Loss: 0.2017
Epoch 1, Batch 290/514, Batch Loss: 0.1986
Epoch 1, Batch 300/514, Batch Loss: 0.1904
Checkpoint saved at 'fine_tuned_translation_model/checkpoint_epoch1_batch300'
Epoch 1, Batch 310/514, Batch Loss: 0.1920
Epoch 1, Batch 320/514, Batch Loss: 0.1988
Epoch 1, Batch 330/514, Batch Loss: 0.1919
Epoch 1, Batch 340/514, Batch Loss: 0.1694
Epoch 1, Batch 350/514, Batch Loss: 0.1779
Checkpoint saved at 'fine_tuned_translation_model/checkpoint_epoch1_batch350'
Epoch 1, Batch 360/514, Batch Loss: 0.1761
Epoch 1, Batch 370/514, Batch Loss: 0.1785
Epoch 1, Batch 380/514, Batch Loss: 0.1772
Epoch 1, Batch 390/514, Batch Loss: 0.1585
Epoch 1, Batch 400/514, Batch Loss: 0.1590
Checkpoint saved at 'fine_tuned_translation_model/checkpoint_epoch1_batch400'
Epoch 1, Batch 410/514, Batch Loss: 0.1562
Epoch 1, Batch 420/514, Batch Loss: 0.1595
Epoch 1, Batch 430/514, Batch Loss: 0.1475
Epoch 1, Batch 440/514, Batch Loss: 0.1585
Epoch 1, Batch 450/514, Batch Loss: 0.1454
Checkpoint saved at 'fine_tuned_translation_model/checkpoint_epoch1_batch450'
Epoch 1, Batch 460/514, Batch Loss: 0.1536
Epoch 1, Batch 470/514, Batch Loss: 0.1413
Epoch 1, Batch 480/514, Batch Loss: 0.1378
Epoch 1, Batch 490/514, Batch Loss: 0.1346
Epoch 1, Batch 500/514, Batch Loss: 0.1301
Checkpoint saved at 'fine_tuned_translation_model/checkpoint_epoch1_batch500'
Epoch 1, Batch 510/514, Batch Loss: 0.1476
Epoch 1/1 complete. Avg Loss: 0.3983, Epoch Time: 10091.52 seconds
Model and tokenizer saved after epoch 1 to 'fine_tuned_translation_model/epoch_1'
Fine-tuning complete.
Final model and tokenizer saved to 'fine_tuned_translation_model'
