Loading dataset...
Dataset loaded with 676004 rows and 8 columns.
Preparing data for Form2Description...
Data preparation complete.
Splitting data into training and validation sets...
Training set size: 540803 rows, Validation set size: 135201 rows.
Loading tokenizer and model...
Tokenizer and model loaded.
Tokenizing data...
Tokenization complete.
Tokenizing data...
Tokenization complete.
Training starts here...
Epoch 1/20 - Train Loss: 3.3132 - Validation Loss: 2.7984 - Epoch Duration: 9859.18 seconds
Saving the model...
Model and tokenizer saved to 'form2text'.
Model improved at epoch 1 and saved as 'best_model'.
Epoch 2/20 - Train Loss: 2.9169 - Validation Loss: 2.6254 - Epoch Duration: 11501.61 seconds
Saving the model...
Model and tokenizer saved to 'form2text'.
Model improved at epoch 2 and saved as 'best_model'.
Epoch 3/20 - Train Loss: 2.7829 - Validation Loss: 2.5216 - Epoch Duration: 13369.20 seconds
Saving the model...
Model and tokenizer saved to 'form2text'.
Model improved at epoch 3 and saved as 'best_model'.
Epoch 4/20 - Train Loss: 2.6952 - Validation Loss: 2.4475 - Epoch Duration: 12957.33 seconds
Saving the model...
Model and tokenizer saved to 'form2text'.
Model improved at epoch 4 and saved as 'best_model'.
Epoch 5/20 - Train Loss: 2.6297 - Validation Loss: 2.3900 - Epoch Duration: 13713.28 seconds
Saving the model...
Model and tokenizer saved to 'form2text'.
Model improved at epoch 5 and saved as 'best_model'.
Epoch 6/20 - Train Loss: 2.5773 - Validation Loss: 2.3420 - Epoch Duration: 13535.94 seconds
Saving the model...
Model and tokenizer saved to 'form2text'.
Model improved at epoch 6 and saved as 'best_model'.
Epoch 7/20 - Train Loss: 2.5334 - Validation Loss: 2.3014 - Epoch Duration: 12726.61 seconds
Saving the model...
Model and tokenizer saved to 'form2text'.
Model improved at epoch 7 and saved as 'best_model'.
